<?xml version="1.0" encoding="UTF-8"?>
<!-- Generated by org.testng.reporters.JUnitReportReporter -->
<testsuite hostname="DESKTOP-BKJV1NJ" failures="0" tests="1" name="testngpkgg.Datadriven1" time="39.161" errors="0" timestamp="2024-02-26T10:14:12 IST" skipped="0">
  <testcase classname="testngpkgg.Datadriven1" name="datadriven" time="39.161"/>
  <system-out/>
</testsuite> <!-- testngpkgg.Datadriven1 -->
