<?xml version="1.0" encoding="UTF-8"?>
<!-- Generated by org.testng.reporters.JUnitReportReporter -->
<testsuite hostname="DESKTOP-BKJV1NJ" failures="0" tests="1" name="testngpkgg.FacebookParameterization" time="0.826" errors="0" timestamp="2024-02-20T10:11:21 IST" skipped="0">
  <testcase classname="testngpkgg.FacebookParameterization" name="test1" time="0.826"/>
  <system-out/>
</testsuite> <!-- testngpkgg.FacebookParameterization -->
