<?xml version="1.0" encoding="UTF-8"?>
<!-- Generated by org.testng.reporters.JUnitReportReporter -->
<testsuite hostname="DESKTOP-BKJV1NJ" failures="0" tests="5" name="testngpkgg.RediffGrouping" time="0.249" errors="0" timestamp="2024-02-16T10:59:54 IST" skipped="0">
  <testcase classname="testngpkgg.RediffGrouping" name="titleVerification" time="0.030"/>
  <system-out/>
  <testcase classname="testngpkgg.RediffGrouping" name="logoDisplayed" time="0.093"/>
  <system-out/>
  <testcase classname="testngpkgg.RediffGrouping" name="labelVerification" time="0.051"/>
  <system-out/>
  <testcase classname="testngpkgg.RediffGrouping" name="buttonEnabled" time="0.036"/>
  <system-out/>
  <testcase classname="testngpkgg.RediffGrouping" name="buttonTextVerification" time="0.039"/>
  <system-out/>
</testsuite> <!-- testngpkgg.RediffGrouping -->
