<?xml version="1.0" encoding="UTF-8"?>
<!-- Generated by org.testng.reporters.JUnitReportReporter -->
<testsuite hostname="DESKTOP-BKJV1NJ" failures="0" tests="2" name="testngpkgg.DragDrop" time="2.506" errors="0" timestamp="2024-02-21T10:42:14 IST" skipped="0">
  <testcase classname="testngpkgg.DragDrop" name="actionss" time="2.413"/>
  <system-out/>
  <testcase classname="testngpkgg.DragDrop" name="perfect" time="0.093"/>
  <system-out/>
</testsuite> <!-- testngpkgg.DragDrop -->
