<?xml version="1.0" encoding="UTF-8"?>
<!-- Generated by org.testng.reporters.JUnitReportReporter -->
<testsuite hostname="DESKTOP-BKJV1NJ" failures="0" tests="1" name="testngpkgg.EbayJavascriptExcecutor" time="12.292" errors="0" timestamp="2024-02-28T10:28:41 IST" skipped="0">
  <testcase classname="testngpkgg.EbayJavascriptExcecutor" name="ebayClick" time="12.292"/>
  <system-out/>
</testsuite> <!-- testngpkgg.EbayJavascriptExcecutor -->
