<?xml version="1.0" encoding="UTF-8"?>
<!-- Generated by org.testng.reporters.JUnitReportReporter -->
<testsuite hostname="DESKTOP-BKJV1NJ" failures="0" tests="1" name="testngpkgg.Parameterization" time="0.038" errors="0" timestamp="2024-02-20T09:31:30 IST" skipped="0">
  <testcase classname="testngpkgg.Parameterization" name="test" time="0.038"/>
  <system-out/>
</testsuite> <!-- testngpkgg.Parameterization -->
