<?xml version="1.0" encoding="UTF-8"?>
<!-- Generated by org.testng.reporters.JUnitReportReporter -->
<testsuite hostname="DESKTOP-BKJV1NJ" failures="0" tests="1" name="testpackage.FBCreatePageTest" time="3.718" errors="0" timestamp="2024-03-06T10:48:48 IST" skipped="0">
  <testcase classname="testpackage.FBCreatePageTest" name="test" time="3.718"/>
  <system-out/>
</testsuite> <!-- testpackage.FBCreatePageTest -->
