<?xml version="1.0" encoding="UTF-8"?>
<!-- Generated by org.testng.reporters.JUnitReportReporter -->
<testsuite hostname="DESKTOP-BKJV1NJ" failures="0" tests="1" name="testngpkgg.GoibiboDatepicker" time="12.217" errors="0" timestamp="2024-03-01T10:41:58 IST" skipped="0">
  <testcase classname="testngpkgg.GoibiboDatepicker" name="datePicker" time="12.217"/>
  <system-out/>
</testsuite> <!-- testngpkgg.GoibiboDatepicker -->
