<?xml version="1.0" encoding="UTF-8"?>
<!-- Generated by org.testng.reporters.JUnitReportReporter -->
<testsuite hostname="DESKTOP-BKJV1NJ" failures="0" tests="5" name="testngpkgg.Grouping" time="0.236" errors="0" timestamp="2024-02-16T09:59:53 IST" skipped="0">
  <testcase classname="testngpkgg.Grouping" name="titleVerification" time="0.019"/>
  <system-out/>
  <testcase classname="testngpkgg.Grouping" name="logoDisplayed" time="0.089"/>
  <system-out/>
  <testcase classname="testngpkgg.Grouping" name="labelVerification" time="0.050"/>
  <system-out/>
  <testcase classname="testngpkgg.Grouping" name="buttonEnabled" time="0.042"/>
  <system-out/>
  <testcase classname="testngpkgg.Grouping" name="buttonTextVerification" time="0.036"/>
  <system-out/>
</testsuite> <!-- testngpkgg.Grouping -->
