<?xml version="1.0" encoding="UTF-8"?>
<!-- Generated by org.testng.reporters.JUnitReportReporter -->
<testsuite hostname="DESKTOP-BKJV1NJ" failures="0" tests="1" name="testngpkgg.ebay" time="7.964" errors="0" timestamp="2024-02-28T10:19:11 IST" skipped="0">
  <testcase classname="testngpkgg.ebay" name="ebayClick" time="7.964"/>
  <system-out/>
</testsuite> <!-- testngpkgg.ebay -->
