<?xml version="1.0" encoding="UTF-8"?>
<!-- Generated by org.testng.reporters.JUnitReportReporter -->
<testsuite hostname="DESKTOP-BKJV1NJ" failures="0" tests="1" name="testngpkgg.AutomationExcercise" time="17.875" errors="0" timestamp="2024-02-29T10:14:49 IST" skipped="0">
  <testcase classname="testngpkgg.AutomationExcercise" name="signup" time="17.875"/>
  <system-out/>
</testsuite> <!-- testngpkgg.AutomationExcercise -->
