<?xml version="1.0" encoding="UTF-8"?>
<!-- Generated by org.testng.reporters.JUnitReportReporter -->
<testsuite hostname="DESKTOP-BKJV1NJ" failures="0" tests="1" name="testpackage.FBloginTest" time="0.399" errors="0" timestamp="2024-03-06T10:08:24 IST" skipped="0">
  <testcase classname="testpackage.FBloginTest" name="test" time="0.399"/>
  <system-out/>
</testsuite> <!-- testpackage.FBloginTest -->
