<?xml version="1.0" encoding="UTF-8"?>
<!-- Generated by org.testng.reporters.JUnitReportReporter -->
<testsuite hostname="DESKTOP-BKJV1NJ" failures="0" tests="1" name="testngpkgg.JustDailDisableNotfn" time="12.271" errors="0" timestamp="2024-02-28T10:54:50 IST" skipped="0">
  <testcase classname="testngpkgg.JustDailDisableNotfn" name="justDial" time="12.271"/>
  <system-out/>
</testsuite> <!-- testngpkgg.JustDailDisableNotfn -->
