<?xml version="1.0" encoding="UTF-8"?>
<!-- Generated by org.testng.reporters.JUnitReportReporter -->
<testsuite hostname="DESKTOP-BKJV1NJ" failures="0" tests="1" name="testngpkgg.CurrentURL" time="8.131" errors="0" timestamp="2024-02-26T10:49:24 IST" skipped="0">
  <testcase classname="testngpkgg.CurrentURL" name="signup" time="8.131"/>
  <system-out/>
</testsuite> <!-- testngpkgg.CurrentURL -->
