<?xml version="1.0" encoding="UTF-8"?>
<!-- Generated by org.testng.reporters.JUnitReportReporter -->
<testsuite hostname="DESKTOP-BKJV1NJ" failures="0" tests="1" name="testngpkgg.MouseEventss" time="0.749" errors="0" timestamp="2024-02-21T09:35:51 IST" skipped="0">
  <testcase classname="testngpkgg.MouseEventss" name="actionss" time="0.749"/>
  <system-out/>
</testsuite> <!-- testngpkgg.MouseEventss -->
