<?xml version="1.0" encoding="UTF-8"?>
<!-- Generated by org.testng.reporters.JUnitReportReporter -->
<testsuite hostname="DESKTOP-BKJV1NJ" failures="0" tests="1" name="testngpkgg.GetwindowHandle" time="6.272" errors="0" timestamp="2024-02-27T09:42:28 IST" skipped="0">
  <testcase classname="testngpkgg.GetwindowHandle" name="windowHandles" time="6.272"/>
  <system-out/>
</testsuite> <!-- testngpkgg.GetwindowHandle -->
