<?xml version="1.0" encoding="UTF-8"?>
<!-- Generated by org.testng.reporters.JUnitReportReporter -->
<testsuite hostname="DESKTOP-BKJV1NJ" failures="0" tests="5" name="testngpkgg.RediffTestng" time="0.310" errors="0" timestamp="2024-02-16T10:03:10 IST" skipped="0">
  <testcase classname="testngpkgg.RediffTestng" name="titleVerification" time="0.023"/>
  <system-out/>
  <testcase classname="testngpkgg.RediffTestng" name="logoDisplayed" time="0.095"/>
  <system-out/>
  <testcase classname="testngpkgg.RediffTestng" name="labelVerification" time="0.054"/>
  <system-out/>
  <testcase classname="testngpkgg.RediffTestng" name="buttonEnabled" time="0.079"/>
  <system-out/>
  <testcase classname="testngpkgg.RediffTestng" name="buttonTextVerification" time="0.059"/>
  <system-out/>
</testsuite> <!-- testngpkgg.RediffTestng -->
